New log file opened at Sun Jun 19 12:00:24 JST 2016 by 6096@LAPTOP-NP66HTLG
Taking next connection to: 60146
New client attempting to connect on port: 60147-60146
  Address = /192.168.3.4:60146
This client on port 60147 has uuid 8ff426ed-76aa-46c0-8d58-946cf8373da1 configName play-fork-run humanReadableName Play Fork Run protocolVersion 1 featureTags Vector()
Connected Clients: play-fork-run-8ff426ed-76aa-46c0-8d58-946cf8373da1
Taking next connection to: 60146
Checking to see if clients are empty...
We have 1 non-daemon clients, continuing serving connections.
Taking next connection to: 60146
Checking to see if clients are empty...
We have 1 non-daemon clients, continuing serving connections.
Taking next connection to: 60146
Checking to see if clients are empty...
We have 1 non-daemon clients, continuing serving connections.
Taking next connection to: 60146
Checking to see if clients are empty...
We have 1 non-daemon clients, continuing serving connections.
Taking next connection to: 60146
Checking to see if clients are empty...
We have 1 non-daemon clients, continuing serving connections.
Taking next connection to: 60146
Checking to see if clients are empty...
We have 1 non-daemon clients, continuing serving connections.
Taking next connection to: 60146
Checking to see if clients are empty...
No non-daemon clients connected after 3 min. Shutting down.
Server socket thread exiting.
0 clients open, will close them...
All client sockets have been closed.
Closing the 6096@LAPTOP-NP66HTLG logs at Sun Jun 19 12:21:25 JST 2016, goodbye.
